<?xml version="1.0" encoding="UTF-8"?>
<testsuite name="org.example.web.dto.HelloResponseDtoTest" tests="1" skipped="0" failures="0" errors="0" timestamp="2022-11-14T01:39:34" hostname="PC-2105HDK" time="0.004">
  <properties/>
  <testcase name="롬복_기능_테스트()" classname="org.example.web.dto.HelloResponseDtoTest" time="0.004"/>
  <system-out><![CDATA[]]></system-out>
  <system-err><![CDATA[]]></system-err>
</testsuite>
