<?xml version="1.0" encoding="UTF-8"?>
<testsuite name="org.example.web.IndexControllerTest" tests="1" skipped="0" failures="0" errors="0" timestamp="2022-11-14T01:39:32" hostname="PC-2105HDK" time="0.38">
  <properties/>
  <testcase name="메인페이지_로딩()" classname="org.example.web.IndexControllerTest" time="0.38"/>
  <system-out><![CDATA[2022-11-14 10:39:27.837  INFO 2720 --- [    Test worker] .b.t.c.SpringBootTestContextBootstrapper : Neither @ContextConfiguration nor @ContextHierarchy found for test class [org.example.web.IndexControllerTest], using SpringBootContextLoader
2022-11-14 10:39:27.838  INFO 2720 --- [    Test worker] o.s.t.c.support.AbstractContextLoader    : Could not detect default resource locations for test class [org.example.web.IndexControllerTest]: no resource found for suffixes {-context.xml, Context.groovy}.
2022-11-14 10:39:27.839  INFO 2720 --- [    Test worker] t.c.s.AnnotationConfigContextLoaderUtils : Could not detect default configuration classes for test class [org.example.web.IndexControllerTest]: IndexControllerTest does not declare any static, non-private, non-final, nested classes annotated with @Configuration.
2022-11-14 10:39:27.840  INFO 2720 --- [    Test worker] .b.t.c.SpringBootTestContextBootstrapper : Found @SpringBootConfiguration org.example.Application for test class org.example.web.IndexControllerTest
2022-11-14 10:39:27.847  INFO 2720 --- [    Test worker] .b.t.c.SpringBootTestContextBootstrapper : Loaded default TestExecutionListener class names from location [META-INF/spring.factories]: [org.springframework.security.test.context.support.WithSecurityContextTestExecutionListener, org.springframework.security.test.context.support.ReactorContextTestExecutionListener, org.springframework.boot.test.autoconfigure.restdocs.RestDocsTestExecutionListener, org.springframework.boot.test.autoconfigure.web.client.MockRestServiceServerResetTestExecutionListener, org.springframework.boot.test.autoconfigure.web.servlet.MockMvcPrintOnlyOnFailureTestExecutionListener, org.springframework.boot.test.autoconfigure.web.servlet.WebDriverTestExecutionListener, org.springframework.boot.test.autoconfigure.webservices.client.MockWebServiceServerTestExecutionListener, org.springframework.boot.test.mock.mockito.MockitoTestExecutionListener, org.springframework.boot.test.mock.mockito.ResetMocksTestExecutionListener, org.springframework.test.context.web.ServletTestExecutionListener, org.springframework.test.context.support.DirtiesContextBeforeModesTestExecutionListener, org.springframework.test.context.event.ApplicationEventsTestExecutionListener, org.springframework.test.context.support.DependencyInjectionTestExecutionListener, org.springframework.test.context.support.DirtiesContextTestExecutionListener, org.springframework.test.context.transaction.TransactionalTestExecutionListener, org.springframework.test.context.jdbc.SqlScriptsTestExecutionListener, org.springframework.test.context.event.EventPublishingTestExecutionListener]
2022-11-14 10:39:27.847  INFO 2720 --- [    Test worker] .b.t.c.SpringBootTestContextBootstrapper : Using TestExecutionListeners: [org.springframework.test.context.web.ServletTestExecutionListener@51d88c38, org.springframework.test.context.support.DirtiesContextBeforeModesTestExecutionListener@3ea2f72e, org.springframework.test.context.event.ApplicationEventsTestExecutionListener@57b33c29, org.springframework.boot.test.mock.mockito.MockitoTestExecutionListener@615ef20, org.springframework.boot.test.autoconfigure.SpringBootDependencyInjectionTestExecutionListener@13390a96, org.springframework.test.context.support.DirtiesContextTestExecutionListener@3a8b9458, org.springframework.test.context.transaction.TransactionalTestExecutionListener@7497a554, org.springframework.test.context.jdbc.SqlScriptsTestExecutionListener@5dd23809, org.springframework.security.test.context.support.WithSecurityContextTestExecutionListener@664f49f, org.springframework.test.context.event.EventPublishingTestExecutionListener@60ab895f, org.springframework.security.test.context.support.ReactorContextTestExecutionListener@295f2d1b, org.springframework.boot.test.autoconfigure.restdocs.RestDocsTestExecutionListener@65015a49, org.springframework.boot.test.autoconfigure.web.client.MockRestServiceServerResetTestExecutionListener@44e08a7a, org.springframework.boot.test.autoconfigure.web.servlet.MockMvcPrintOnlyOnFailureTestExecutionListener@78bd02c8, org.springframework.boot.test.autoconfigure.web.servlet.WebDriverTestExecutionListener@28dacf31, org.springframework.boot.test.autoconfigure.webservices.client.MockWebServiceServerTestExecutionListener@47e60b71, org.springframework.boot.test.mock.mockito.ResetMocksTestExecutionListener@795faad]

  .   ____          _            __ _ _
 /\\ / ___'_ __ _ _(_)_ __  __ _ \ \ \ \
( ( )\___ | '_ | '_| | '_ \/ _` | \ \ \ \
 \\/  ___)| |_)| | | | | || (_| |  ) ) ) )
  '  |____| .__|_| |_|_| |_\__, | / / / /
 =========|_|==============|___/=/_/_/_/
 :: Spring Boot ::                (v2.6.7)

2022-11-14 10:39:27.964  INFO 2720 --- [    Test worker] org.example.web.IndexControllerTest      : Starting IndexControllerTest using Java 11.0.15 on PC-2105HDK with PID 2720 (started by Owner in D:\springBootEx)
2022-11-14 10:39:27.964  INFO 2720 --- [    Test worker] org.example.web.IndexControllerTest      : No active profile set, falling back to 1 default profile: "default"
2022-11-14 10:39:28.342  INFO 2720 --- [    Test worker] .s.d.r.c.RepositoryConfigurationDelegate : Bootstrapping Spring Data JPA repositories in DEFAULT mode.
2022-11-14 10:39:28.398  INFO 2720 --- [    Test worker] .s.d.r.c.RepositoryConfigurationDelegate : Finished Spring Data repository scanning in 48 ms. Found 2 JPA repository interfaces.
2022-11-14 10:39:28.961  INFO 2720 --- [    Test worker] o.s.b.w.embedded.tomcat.TomcatWebServer  : Tomcat initialized with port(s): 0 (http)
2022-11-14 10:39:28.974  INFO 2720 --- [    Test worker] o.apache.catalina.core.StandardService   : Starting service [Tomcat]
2022-11-14 10:39:28.975  INFO 2720 --- [    Test worker] org.apache.catalina.core.StandardEngine  : Starting Servlet engine: [Apache Tomcat/9.0.62]
2022-11-14 10:39:29.175  INFO 2720 --- [    Test worker] o.a.c.c.C.[Tomcat].[localhost].[/]       : Initializing Spring embedded WebApplicationContext
2022-11-14 10:39:29.175  INFO 2720 --- [    Test worker] w.s.c.ServletWebServerApplicationContext : Root WebApplicationContext: initialization completed in 1207 ms
2022-11-14 10:39:29.398  INFO 2720 --- [    Test worker] com.zaxxer.hikari.HikariDataSource       : HikariPool-1 - Starting...
2022-11-14 10:39:29.506  INFO 2720 --- [    Test worker] com.zaxxer.hikari.HikariDataSource       : HikariPool-1 - Start completed.
2022-11-14 10:39:29.695  INFO 2720 --- [    Test worker] o.hibernate.jpa.internal.util.LogHelper  : HHH000204: Processing PersistenceUnitInfo [name: default]
2022-11-14 10:39:29.799  INFO 2720 --- [    Test worker] org.hibernate.Version                    : HHH000412: Hibernate ORM core version 5.6.8.Final
2022-11-14 10:39:29.861  INFO 2720 --- [    Test worker] o.hibernate.annotations.common.Version   : HCANN000001: Hibernate Commons Annotations {5.1.2.Final}
2022-11-14 10:39:30.003  INFO 2720 --- [    Test worker] org.hibernate.dialect.Dialect            : HHH000400: Using dialect: org.hibernate.dialect.MySQL57Dialect
Hibernate: drop table if exists posts
Hibernate: drop table if exists user
Hibernate: create table posts (id bigint not null auto_increment, created_date datetime(6), modified_date datetime(6), author varchar(255), content TEXT not null, title varchar(500) not null, primary key (id)) engine=InnoDB
Hibernate: create table user (id bigint not null auto_increment, created_date datetime(6), modified_date datetime(6), email varchar(255) not null, name varchar(255) not null, picture varchar(255), role varchar(255) not null, primary key (id)) engine=InnoDB
2022-11-14 10:39:30.617  INFO 2720 --- [    Test worker] o.h.e.t.j.p.i.JtaPlatformInitiator       : HHH000490: Using JtaPlatform implementation: [org.hibernate.engine.transaction.jta.platform.internal.NoJtaPlatform]
2022-11-14 10:39:30.629  INFO 2720 --- [    Test worker] j.LocalContainerEntityManagerFactoryBean : Initialized JPA EntityManagerFactory for persistence unit 'default'
2022-11-14 10:39:31.366  WARN 2720 --- [    Test worker] JpaBaseConfiguration$JpaWebConfiguration : spring.jpa.open-in-view is enabled by default. Therefore, database queries may be performed during view rendering. Explicitly configure spring.jpa.open-in-view to disable this warning
2022-11-14 10:39:31.568  INFO 2720 --- [    Test worker] o.s.s.web.DefaultSecurityFilterChain     : Will secure any request with [org.springframework.security.web.context.request.async.WebAsyncManagerIntegrationFilter@62f8b2f4, org.springframework.security.web.context.SecurityContextPersistenceFilter@466fd19b, org.springframework.security.web.header.HeaderWriterFilter@1495f70, org.springframework.security.web.authentication.logout.LogoutFilter@48d6248d, org.springframework.security.oauth2.client.web.OAuth2AuthorizationRequestRedirectFilter@83b39c3, org.springframework.security.oauth2.client.web.OAuth2LoginAuthenticationFilter@1f7653ae, org.springframework.security.web.authentication.ui.DefaultLoginPageGeneratingFilter@17524c36, org.springframework.security.web.authentication.ui.DefaultLogoutPageGeneratingFilter@6bd5aa8b, org.springframework.security.web.savedrequest.RequestCacheAwareFilter@348d1a5e, org.springframework.security.web.servletapi.SecurityContextHolderAwareRequestFilter@7f746160, org.springframework.security.web.authentication.AnonymousAuthenticationFilter@3af17313, org.springframework.security.web.session.SessionManagementFilter@2aa85cc4, org.springframework.security.web.access.ExceptionTranslationFilter@24e0bdb, org.springframework.security.web.access.intercept.AuthorizationFilter@2c3a2935]
2022-11-14 10:39:31.721  INFO 2720 --- [    Test worker] o.s.b.a.w.s.WelcomePageHandlerMapping    : Adding welcome page template: index
2022-11-14 10:39:32.154  INFO 2720 --- [    Test worker] o.s.b.w.embedded.tomcat.TomcatWebServer  : Tomcat started on port(s): 59076 (http) with context path ''
2022-11-14 10:39:32.180  INFO 2720 --- [    Test worker] s.a.ScheduledAnnotationBeanPostProcessor : No TaskScheduler/ScheduledExecutorService bean found for scheduled processing
2022-11-14 10:39:32.194  INFO 2720 --- [    Test worker] org.example.web.IndexControllerTest      : Started IndexControllerTest in 4.345 seconds (JVM running for 10.021)
2022-11-14 10:39:32.352  INFO 2720 --- [-auto-1-exec-10] o.a.c.c.C.[Tomcat].[localhost].[/]       : Initializing Spring DispatcherServlet 'dispatcherServlet'
2022-11-14 10:39:32.352  INFO 2720 --- [-auto-1-exec-10] o.s.web.servlet.DispatcherServlet        : Initializing Servlet 'dispatcherServlet'
2022-11-14 10:39:32.355  INFO 2720 --- [-auto-1-exec-10] o.s.web.servlet.DispatcherServlet        : Completed initialization in 1 ms
Hibernate: select posts0_.id as id1_0_, posts0_.created_date as created_2_0_, posts0_.modified_date as modified3_0_, posts0_.author as author4_0_, posts0_.content as content5_0_, posts0_.title as title6_0_ from posts posts0_ order by posts0_.id desc
]]></system-out>
  <system-err><![CDATA[]]></system-err>
</testsuite>
